<?xml version="1.0" encoding="UTF-8"?>
<!-- Generated by org.testng.reporters.JUnitReportReporter -->
<testsuite hostname="DESKTOP-UBM0S90" failures="0" tests="5" name="com.automation.tests.Testcase" time="45.126" errors="0" timestamp="2023-06-26T15:49:43 IST" skipped="0">
  <testcase classname="com.automation.tests.Testcase" name="testInalidLoginNoUsername" time="7.108"/>
  <testcase classname="com.automation.tests.Testcase" name="testInalidLoginNoCredentials" time="8.751"/>
  <testcase classname="com.automation.tests.Testcase" name="testInalidLoginNoPassword" time="5.818"/>
  <testcase classname="com.automation.tests.Testcase" name="testHomepage" time="17.489"/>
  <testcase classname="com.automation.tests.Testcase" name="testValidLogin" time="5.960"/>
</testsuite> <!-- com.automation.tests.Testcase -->
