<?xml version="1.0" encoding="UTF-8"?>
<!-- Generated by org.testng.reporters.JUnitReportReporter -->
<testsuite hostname="DESKTOP-UBM0S90" failures="0" tests="1" name="com.automation.tests.LoginPageTests" time="13.962" errors="0" timestamp="2023-06-26T15:48:42 IST" skipped="0">
  <testcase classname="com.automation.tests.LoginPageTests" name="login" time="13.962"/>
</testsuite> <!-- com.automation.tests.LoginPageTests -->
